U0773493295 29023837000161932  604991 20475023 00000
U0773493295 29023849000172761  621435 19846773 00000
U0773493295 29023902000185515  640566 19184893 00000
U0773493295 29023914000197261  658882 18593203 00000
U0773493295 29023926000209351  679320 18021863 00000
U0773493295 29023938000221319  701187 17472903 00000
U0773493295 29023950000233891  725159 16948913 00000
U0773493295 29024003000247484  753066 16412013 00000
U0773493295 29024015000259799  781000 15947703 00000
U0773493295 29024027000271896  811197 15516403 00000
U0773493295 29024039000283560  843708 15120853 00000
U0773493295 29024051000294884  878618 14764153 00000
U0773493295 29024103000305167  915955 14449153 00000
U0773493295 29024115000314474  955524 14178803 00000
U0773493295 29024127000322425  997329 13955633 00000
U0773493295 29024139000328791 1040882 13782023 00000
U0773493295 29024151000333788 1086635 13660103 00000
U0773493295 29024203000335998 1132254 13591003 00000
U0773493295 29024215000336487 1178856 13575703 00000
U0773493295 29024227000334924 1225305 13614423 00000
U0773493295 29024239000331160 1270982 13706623 00000
U0773493295 29024251000325864 1315544 13851303 00000
U0773493295 29024303000318581 1358363 14046843 00000
U0773493295 29024315000309931 1399144 14291073 00000
U0773493295 29024327000300041 1437770 14581603 00000
U0773493295 29024339000289206 1473908 14915613 00000
U0773493295 29024351000277538 1507710 15290293 00000
U0773493295 29024403000265666 1539089 15702583 00000
U0773493295 29024415000253276 1568217 16149703 00000
U0773493295 29024427000240801 1595150 16628583 00000
U0773493295 29024439000228288 1620011 17136643 00000
U0773493295 29024451000215766 1643093 17671343 00000
U0773493295 29024503000203600 1664269 18230083 00000
U0773493295 29024515000191496 1683962 18810773 00000
U0773493295 29024527000179744 1701959 19411343 00000
U0773493295 29024539000168164 1719041 20029953 00000
U0773493295 29024551000156933 1734755 20664823 00000
U0773493295 29024604000145190 1750607 21369183 00000
U0773493295 29024616000134674 1763898 22033203 00000
U0773493295 29024628000124177 1776324 22709183 00000
U0773493295 29024640000114466 1788349 23396053 00000
U0773493295 29024652000104869 1799365 24092723 00000
U0773493295 29024704000 95477 1809592 24798273 00000
U0773493295 29024716000 86318 1819319 25511883 00000
U0773493295 29024728000 77303 1828309 26232663 00000
U0773493295 29024733000 73970 1831692 26534723 00000
U0773493295 29134949000 99606 1435102 24310893 00000
U0773493295 29135002000111735 1433718 23447373 00000
U0773493295 29135014000123027 1431636 22653743 00000
U0773493295 29135026000134339 1428898 21864083 00000
U0773493295 29135038000147505 1426014 21078843 00000
U0773493295 29135050000160973 1422995 20298723 00000
U0773493295 29135103000176088 1419642 19460223 00000
U0773493295 29135115000191105 1416240 18693253 00000
U0773493295 29135127000207057 1412393 17934113 00000
U0773493295 29135139000223879 1408216 17183863 00000
U0773493295 29135151000242126 1403290 16443983 00000
U0773493295 29135203000261659 1397647 15715943 00000
U0773493295 29135215000282685 1391729 15001773 00000
U0773493295 29135227000305381 1384533 14303523 00000
U0773493295 29135239000329822 1376305 13623853 00000
U0773493295 29135251000356429 1366542 12965703 00000
U0773493295 29135303000385359 1355151 12332683 00000
U0773493295 29135315000416686 1341227 11729063 00000
U0773493295 29135327000450858 1324325 11159563 00000
U0773493295 29135339000487711 1303036 10629923 00000
U0773493295 29135351000527364 1275744 10146323 00000
U0773493295 29135403000569522 1239554  9715912 00000
U0773493295 29135415000613420 1189909  9345942 00000
U0773493295 29135427000657627 1118891  9044122 00000
U0773493295 29135439000698925 1013462  8816982 00000
U0773493295 29135451000732086  855803  8671042 00000
U0773493295 29135503000748602  640955  8610132 00000
U0773493295 29135515000741879  411412  8636152 00000
U0773493295 29135527000714772  227540  8748322 00000
U0773493295 29135539000676236  101401  8943332 00000
U0773493295 29135551000632938   17493  9215762 00000
U0773493295 29135604000585123 3555899  9590972 00000
U0773493295 29135616000542402 3515629 10002863 00000
U0773493295 29135628000501954 3485690 10470213 00000
U0773493295 29135640000464220 3462564 10985783 00000
U0773493295 29135652000429227 3444297 11543073 00000
U0773493295 29135704000396980 3429556 12136303 00000
U0773493295 29135716000367374 3417380 12760233 00000
U0773493295 29135728000340034 3407244 13410573 00000
U0773493295 29135740000314836 3398609 14083553 00000
U0773493295 29135752000291813 3391220 14776003 00000
U0773493295 29135805000268413 3384265 15544903 00000
U0773493295 29135817000248539 3350696 16269513 00000
U0773493295 29135829000230153 3373919 17006503 00000
U0773493295 29135841000212890 3369680 17754113 00000
U0773493295 29135853000196783 3365596 18510953 00000
U0773493295 29135906000180497 3361904 19339933 00000
U0773493295 29135918000166241 3359000 20112413 00000
U0773493295 29135930000152551 3355948 20890893 00000
U0773493295 29135942000139743 3353803 21674533 00000
U0773493295 29135954000127641 3351882 22462663 00000
U0773493295 29140006000116663 3349384 23254133 00000
U0773493295 29140017000106450 3347485 23984813 00000
U0773493295 30133331000 98610 1273279 24436493 00000
U0773493295 30133343000108410 1265570 23684343 00000
U0773493295 30133355000119059 1257304 22938493 00000
U0773493295 30133407000129982 1248476 22199853 00000
U0773493295 30133419000141596 1238765 21469223 00000
U0773493295 30133431000153565 1228684 20747603 00000
U0773493295 30133443000165826 1217216 20036073 00000
U0773493295 30133455000178788 1205157 19335953 00000
U0773493295 30133507000192315 1191910 18648553 00000
U0773493295 30133519000206384 1177559 17975523 00000
U0773493295 30133531000221250 1161445 17318663 00000
U0773493295 30133543000236577 1143672 16679913 00000
U0773493295 30133555000252728 1124284 16061673 00000
U0773493295 30133608000270639 1100705 15418003 00000
U0773493295 30133620000287942 1076532 14850923 00000
U0773493295 30133632000305565 1049486 14313223 00000
U0773493295 30133644000323510 1019350 13808453 00000
U0773493295 30133656000341527  985696 13340303 00000
U0773493295 30133709000360928  944493 12879403 00000
U0773493295 30133721000378184  902289 12501073 00000
U0773493295 30133733000394170  855492 12172423 00000
U0773493295 30133745000408610  804052 11897753 00000
U0773493295 30133757000420592  748209 11680753 00000
U0773493295 30133809000429586  688797 11524773 00000
U0773493295 30133821000435310  626167 11432403 00000
U0773493295 30133833000436961  562606 11405173 00000
U0773493295 30133845000434814  499005 11443553 00000
U0773493295 30133857000428788  436836 11546883 00000
U0773493295 30133910000418434  373052 11730073 00000
U0773493295 30133922000405870  318180 11962063 00000
U0773493295 30133934000391215  267776 12250923 00000
U0773493295 30133946000374904  221961 12592683 00000
U0773493295 30133958000357571  180792 12983053 00000
U0773493295 30134010000339949  143465 13417823 00000
U0773493295 30134022000321871  110608 13892673 00000
U0773493295 30134034000303869   80948 14403673 00000
U0773493295 30134046000286326   54406 14946953 00000
U0773493295 30134058000269320   30629 15519043 00000
U0773493295 30134111000251341   07440 16167773 00000
U0773493295 30134123000235602 3588207 16790163 00000
U0773493295 30134135000220369 3571167 17432663 00000
U0773493295 30134147000205675 3555282 18093013 00000
U0773493295 30134159000191832 3541241 18769223 00000
U0773493295 30134212000177160 3526988 19517763 00000
U0773493295 30134224000164377 3515056 20221663 00000
U0773493295 30134236000152112 3504208 20936613 00000
U0773493295 30134248000140285 3494268 21661453 00000
U0773493295 30134300000129177 3485088 22395083 00000
U0773493295 30134313000116859 3475762 23198663 00000
U0773493295 30134325000106755 3468111 23947673 00000
U0773493295 30134337000 96704 3460544 24702883 00000
U0773493295 30134349000 86700 3453788 25463603 00000
U0773493295 30134401000 77082 3447644 26229003 00000
U0773493295 30134405000 74453 3445669 26485473 00000
U0773493295 30035921000121207  124467 23038753 00000
U0773493295 30035933000132184  115918 22299083 00000
U0773493295 30035945000143567  106825 21567323 00000
U0773493295 30035957000155482   96906 20844393 00000
U0773493295 30040010000168779   84875 20072633 00000
U0773493295 30040022000182065   73232 19371913 00000
U0773493295 30040034000195646   59754 18683943 00000
U0773493295 30040046000209873   45683 18010223 00000
U0773493295 30040058000224712   29853 17352503 00000
U0773493295 30040111000241521   10912 16660473 00000
U0773493295 30040123000257544 3591564 16042953 00000
U0773493295 30040135000274540 3569989 15448503 00000
U0773493295 30040147000291809 3546022 14880003 00000
U0773493295 30040159000309591 3519253 14340603 00000
U0773493295 30040211000327861 3489242 13833823 00000
U0773493295 30040223000345964 3456000 13363503 00000
U0773493295 30040235000364139 3418362 12933543 00000
U0773493295 30040247000381460 3376686 12548393 00000
U0773493295 30040259000397942 3330212 12212153 00000
U0773493295 30040311000412661 3279040 11929103 00000
U0773493295 30040323000425200 3223448 11703133 00000
U0773493295 30040335000434789 3163888 11537623 00000
U0773493295 30040347000440869 3101234 11435223 00000
U0773493295 30040359000443131 3036911 11397663 00000
U0773493295 30040411000441363 2972530 11425553 00000
U0773493295 30040423000435668 2909579 11518423 00000
U0773493295 30040435000426373 2849621 11674703 00000
U0773493295 30040447000414262 2793278 11891853 00000
U0773493295 30040459000399644 2741695 12166583 00000
U0773493295 30040512000381978 2690893 12524733 00000
U0773493295 30040524000364419 2648867 12906693 00000
U0773493295 30040536000346339 2611282 13333553 00000
U0773493295 30040548000328015 2577458 13801103 00000
U0773493295 30040600000309844 2547361 14305263 00000
U0773493295 30040612000291951 2520363 14842203 00000
U0773493295 30040624000274556 2496153 15408453 00000
U0773493295 30040636000257807 2474466 16000743 00000
U0773493295 30040648000241638 2455171 16616273 00000
U0773493295 30040700000225919 2437280 17252363 00000
U0773493295 30040713000209848 2420007 17962093 00000
U0773493295 30040725000195380 2405441 18634043 00000
U0773493295 30040737000181828 2392617 19320293 00000
U0773493295 30040749000168850 2380214 20019343 00000
U0773493295 30040801000156383 2369019 20729693 00000
U0773493295 30040813000144417 2358781 21450113 00000
U0773493295 30040825000132881 2349421 22179583 00000
U0773493295 30040837000121991 2340618 22916993 00000
U0773493295 30040849000111433 2332502 23661623 00000
U0773493295 30040901000101051 2324708 24412593 00000
U0773493295 30040913000 90790 2317762 25169263 00000
U0773493295 30040925000 81458 2311267 25930963 00000
U0773493295 30040937000 72313 2305263 26697203 00000
U0773493295 30040945000 66498 2301434 27191573 00000
U0773493295 31034313000167631  243940 20172313 00000
U0773493295 31034325000181536  240976 19401553 00000
U0773493295 31034337000196782  237747 18637643 00000
U0773493295 31034349000212733  234094 17881693 00000
U0773493295 31034401000229917  230207 17134853 00000
U0773493295 31034413000248231  225504 16398573 00000
U0773493295 31034425000267953  220374 15674373 00000
U0773493295 31034437000289404  214631 14964123 00000
U0773493295 31034449000312063  207499 14270173 00000
U0773493295 31034501000336895  199689 13594973 00000
U0773493295 31034513000363772  190333 12941703 00000
U0773493295 31034525000392963  179211 12313903 00000
U0773493295 31034537000424713  165750 11715813 00000
U0773493295 31034549000459137  149099 11152323 00000
U0773493295 31034602000499623  126231 10587423 00000
U0773493295 31034614000539846   98549 10114823 00000
U0773493295 31034626000582526   61535  9696232 00000
U0773493295 31034638000626867   09989  9339032 00000
U0773493295 31034650000671224 3535163  9050542 00000
U0773493295 31034703000715366 3409828  8823292 00000
U0773493295 31034715000745811 3232568  8698372 00000
U0773493295 31034727000756879 2998351  8658422 00000
U0773493295 31034739000743644 2767706  8704622 00000
U0773493295 31034751000711728 2596568  8835672 00000
U0773493295 31034803000670594 2483623  9047792 00000
U0773493295 31034815000626051 2409269  9335592 00000
U0773493295 31034827000581785 2357843  9692102 80000
U0773493295 31034839000538979 2320919 10110103 00000
U0773493295 31034851000498847 2293141 10582193 00000
U0773493295 31034903000461098 2271988 11101473 00000
U0773493295 31034915000426593 2255033 11661503 00000
U0773493295 31034927000394421 2241200 12256623 00000
U0773493295 31034939000365036 2229928 12881903 00000
U0773493295 31034951000337884 2220390 13533053 00000
U0773493295 31035003000312814 2212287 14206413 00000
U0773493295 31035015000289537 2205145 14898803 00000
U0773493295 31035027000268441 2199206 15607793 00000
U0773493295 31035039000248656 2193820 16330913 00000
U0773493295 31035051000230119 2189196 17066313 00000
U0773493295 31035103000212997 2184930 17812373 00000
U0773493295 31035115000196730 2181152 18567703 00000
U0773493295 31035127000181416 2177942 19331033 00000
U0773493295 31035139000167015 2174677 20101423 00000
U0773493295 31035151000153561 2171832 20877923 00000
U0773493295 31035204000139954 2169260 21725143 00000
U0773493295 31035216000127534 2166657 22511943 00000
U0773493295 31035228000116026 2164656 23302843 00000
U0773493295 31035240000105029 2162762 24097213 00000
U0773493295 31035252000 94347 2160770 24894623 00000
U0773493295 31035304000 84281 2159228 25694673 00000
U0773493295 31035316000 74381 2157632 26496993 00000
U0773493295 31035328000 65151 2156277 27301203 00000
U0773493295 31035336000 58750 2154889 27838253 00000
U0773493295  1143734000 55858 1604673 27922253 00000
U0773493295  1143746000 64967 1607861 27126233 00000
U0773493295  1143758000 73776 1611842 26331233 00000
U0773493295  1143810000 83652 1615793 25540133 00000
U0773493295  1143822000 93790 1619999 24751633 00000
U0773493295  1143834000104067 1624520 23967263 00000
U0773493295  1143846000114688 1629602 23187103 00000
U0773493295  1143858000126746 1635071 22411223 00000
U0773493295  1143910000138324 1640816 21640533 00000
U0773493295  1143922000150845 1647122 20875673 00000
U0773493295  1143934000163665 1653839 20117663 00000
U0773493295  1143946000177631 1660992 19367183 00000
U0773493295  1143958000192264 1669259 18625363 00000
U0773493295  1144010000207642 1677931 17893413 00000
U0773493295  1144022000223952 1688000 17172723 00000
U0773493295  1144034000241625 1699349 16464883 00000
U0773493295  1144046000259602 1711854 15771753 00000
U0773493295  1144058000279461 1725173 15095513 00000
U0773493295  1144111000302162 1742332 14384753 00000
U0773493295  1144123000324642 1760539 13751953 00000
U0773493295  1144135000348419 1781455 13144953 00000
U0773493295  1144147000373837 1805676 12567573 00000
U0773493295  1144159000400358 1834012 12024133 00000
U0773493295  1144211000428235 1867656 11519653 00000
U0773493295  1144223000456940 1907609 11059363 00000
U0773493295  1144235000485783 1955639 10649253 00000
U0773493295  1144247000513946 2013245 10295213 00000
U0773493295  1144259000540080 2082490 10003303 00000
U0773493295  1144312000564023 2171529  9763772 00000
U0773493295  1144324000579961 2266455  9618352 00000
U0773493295  1144336000588093 2370279  9549182 00000
U0773493295  1144348000587281 2476941  9557832 00000
U0773493295  1144400000577642 2579398  9644122 00000
U0773493295  1144412000560527 2672297  9805962 00000
U0773493295  1144424000537866 2752686 10039633 00000
U0773493295  1144436000511584 2820568 10340333 00000
U0773493295  1144448000483452 2877401 10702143 00000
U0773493295  1144500000454493 2924214 11119263 00000
U0773493295  1144512000426146 2963497 11585473 00000
U0773493295  1144524000398615 2996446 12095153 00000
U0773493295  1144536000372138 3024426 12642833 00000
U0773493295  1144548000347139 3048357 13223733 00000
U0773493295  1144600000323531 3069034 13833653 00000
U0773493295  1144612000301353 3086970 14468693 00000
U0773493295  1144624000280488 3102747 15125683 00000
U0773493295  1144636000260824 3116697 15801733 00000
U0773493295  1144648000242634 3128977 16494443 00000
U0773493295  1144700000225309 3140123 17201583 00000
U0773493295  1144713000207817 3151137 17981873 00000
U0773493295  1144725000192639 3160086 18713623 00000
U0773493295  1144737000178016 3167998 19454983 00000
U0773493295  1144749000164441 3175641 20204723 00000
U0773493295  1144802000150503 3183325 21025293 00000
U0773493295  1144814000137815 3189144 21789503 00000
U0773493295  1144826000126206 3195100 22559353 00000
U0773493295  1144838000114915 3200325 23334123 00000
U0773493295  1144850000104420 3205364 24113233 00000
U0773493295  1144902000 94094 3210238 24896223 00000
U0773493295  1144914000 84307 3214446 25681973 00000
U0773493295  1144926000 74229 3218525 26472163 00000
U0773493295  1144930000 70976 3220157 26735643 00000
U0773493295  2044738000 77350   27561 26372843 00000
U0773493295  2044750000 85134   16051 25710573 00000
U0773493295  2044803000 94348   02906 25005463 00000
U0773493295  2044815000102909 3589685 24366973 00000
U0773493295  2044827000111337 3575787 23741513 00000
U0773493295  2044839000119944 3560895 23130273 00000
U0773493295  2044851000128874 3545518 22534483 00000
U0773493295  2044903000137497 3528996 21955503 00000
U0773493295  2044915000146527 3511201 21394723 00000
U0773493295  2044927000155250 3492894 20853753 00000
U0773493295  2044939000164559 3472765 20334273 00000
U0773493295  2044951000173497 3451734 19838053 00000
U0773493295  2045004000182925 3427477 19328813 00000
U0773493295  2045016000191713 3403568 18887133 00000
U0773493295  2045028000200173 3378211 18474653 00000
U0773493295  2045040000208262 3351663 18093463 00000
U0773493295  2045052000215714 3323626 17745713 00000
U0773493295  2045105000223170 3291675 17408903 00000
U0773493295  2045117000229879 3261046 17137293 00000
U0773493295  2045129000235498 3229067 16904953 00000
U0773493295  2045141000240237 3195687 16713793 00000
U0773493295  2045153000243888 3161776 16565123 00000
U0773493295  2045205000246379 3127285 16460203 00000
U0773493295  2045217000248139 3091909 16399813 00000
U0773493295  2045229000248451 3056373 16384473 00000
U0773493295  2045241000247512 3021100 16414163 00000
U0773493295  2045253000245634 2986080 16489103 00000
U0773493295  2045305000242481 2951696 16608183 00000
U0773493295  2045317000238479 2917718 16770533 00000
U0773493295  2045329000233425 2884991 16974973 00000
U0773493295  2045341000227289 2853527 17219873 00000
U0773493295  2045353000220804 2822912 17503573 00000
U0773493295  2045406000212941 2791594 17852383 00000
U0773493295  2045418000205012 2763959 18210553 00000
U0773493295  2045430000196896 2737848 18601303 00000
U0773493295  2045442000188380 2712979 19022563 00000
U0773493295  2045454000179316 2689679 19472353 00000
U0773493295  2045507000169977 2665866 19989393 00000
U0773493295  2045519000161024 2645105 20492033 00000
U0773493295  2045531000152013 2625361 21017283 00000
U0773493295  2045543000142911 2607116 21563273 00000
U0773493295  2045555000134103 2589510 22128443 00000
U0773493295  2045608000124546 2572042 22760573 00000
U0773493295  2045620000115934 2556710 23360903 00000
U0773493295  2045632000107070 2542561 23976083 00000
U0773493295  2045644000 98730 2528583 24604733 00000
U0773493295  2045656000 90302 2515451 25245723 00000
U0773493295  2045708000 82225 2503324 25898313 00000
U0773493295  2045720000 74186 2492570 26561213 00000
U0773493295  2045726000 70076 2487107 26896543 00000
